<?xml version="1.0" encoding="UTF-8"?>
<testng-results ignored="0" total="1" passed="1" failed="0" skipped="0">
  <reporter-output>
  </reporter-output>
  <suite started-at="2023-01-17T17:54:57 IST" name="Default suite" finished-at="2023-01-17T17:55:14 IST" duration-ms="16616">
    <groups>
    </groups>
    <test started-at="2023-01-17T17:54:57 IST" name="Default test" finished-at="2023-01-17T17:55:14 IST" duration-ms="16616">
      <class name="com.Testcases.PDP">
        <test-method signature="Login()[pri:0, instance:com.Testcases.PDP@72057ecf]" started-at="2023-01-17T17:54:57 IST" name="Login" finished-at="2023-01-17T17:55:14 IST" duration-ms="16468" status="PASS">
          <reporter-output>
          </reporter-output>
        </test-method> <!-- Login -->
      </class> <!-- com.Testcases.PDP -->
    </test> <!-- Default test -->
  </suite> <!-- Default suite -->
</testng-results>
